10:03:18.6 [Daemon] INFO  o.a.AndroidAnnotationProcessor:85 - Initialize AndroidAnnotations 3.0.1 with options {androidManifestFile=/Users/claucookie/Documents/Desarrollo/Github/recarga-tussam-android/RecargaTussam/build/manifests/debug/AndroidManifest.xml}
10:03:18.93 [Daemon] INFO  o.a.AndroidAnnotationProcessor:109 - Start processing for 7 annotations on 74 elements
10:03:18.179 [Daemon] DEBUG o.a.h.AndroidManifestFinder:98 - AndroidManifest.xml file found with specified path: /Users/claucookie/Documents/Desarrollo/Github/recarga-tussam-android/RecargaTussam/build/manifests/debug/AndroidManifest.xml
10:03:19.318 [Daemon] INFO  o.a.AndroidAnnotationProcessor:172 - AndroidManifest.xml found: AndroidManifest [applicationPackage=es.claucookie.recarga, componentQualifiedNames=[es.claucookie.recarga.MainActivity_, com.mobivery.android.LibraryActivity], permissionQualifiedNames=[android.permission.INTERNET], applicationClassName=es.claucookie.recarga.App, libraryProject=false, debugabble=false, minSdkVersion=14, maxSdkVersion=-1, targetSdkVersion=19]
10:03:19.319 [Daemon] INFO  o.a.r.ProjectRClassFinder:50 - Found project R class: es.claucookie.recarga.R
10:03:19.385 [Daemon] INFO  o.a.r.AndroidRClassFinder:44 - Found Android class: android.R
10:03:19.519 [Daemon] INFO  o.a.p.ModelValidator:42 - Validating elements
10:03:19.520 [Daemon] DEBUG o.a.p.ModelValidator:62 - Validating with EActivityHandler: [es.claucookie.recarga.MainActivity]
10:03:19.542 [Daemon] DEBUG o.a.p.ModelValidator:62 - Validating with SharedPrefHandler: [es.claucookie.recarga.helpers.SharedPrefsHelper]
10:03:19.544 [Daemon] DEBUG o.a.p.ModelValidator:62 - Validating with ViewByIdHandler: [cardNumberText, cardStatusText, cardTypeText, cardCreditText, cardsSpinner, cardNameText, cardEditNameText, cardEditNumberText, cardsEditData, cardsData, tussamInfo]
10:03:19.551 [Daemon] DEBUG o.a.p.ModelValidator:62 - Validating with OptionsMenuHandler: [es.claucookie.recarga.MainActivity]
10:03:19.553 [Daemon] DEBUG o.a.p.ModelValidator:62 - Validating with OptionsItemHandler: [editCardClicked(), addCardClicked(), createCardClicked(), saveCardClicked(), cancelClicked(), refreshClicked()]
10:03:19.558 [Daemon] DEBUG o.a.p.ModelValidator:62 - Validating with InstanceStateHandler: [tussamCardsDTO, selectedCardDTO, isDetailView, isAddView, isEditView]
10:03:19.561 [Daemon] DEBUG o.a.p.ModelValidator:62 - Validating with AfterViewsHandler: [initViews()]
10:03:19.570 [Daemon] INFO  o.a.p.ModelProcessor:73 - Processing root elements
10:03:19.571 [Daemon] DEBUG o.a.p.ModelProcessor:80 - Processing root elements EActivityHandler: [es.claucookie.recarga.MainActivity]
10:03:19.626 [Daemon] DEBUG o.a.p.ModelProcessor:80 - Processing root elements SharedPrefHandler: [es.claucookie.recarga.helpers.SharedPrefsHelper]
10:03:19.633 [Daemon] INFO  o.a.p.ModelProcessor:104 - Processing enclosed elements
10:03:19.638 [Daemon] INFO  o.a.AndroidAnnotationProcessor:251 - Number of files generated by AndroidAnnotations: 2
10:03:19.640 [Daemon] INFO  o.a.g.ApiCodeGenerator:52 - Writting following API classes in project: []
10:03:19.643 [Daemon] DEBUG o.a.g.SourceCodewriter:55 - Generating class: es.claucookie.recarga.helpers.SharedPrefsHelper_
10:03:19.654 [Daemon] DEBUG o.a.g.SourceCodewriter:55 - Generating class: es.claucookie.recarga.MainActivity_
10:03:19.682 [Daemon] INFO  o.a.p.TimeStats:81 - Time measurements: [Whole Processing = 1589 ms], [Extract Manifest = 1153 ms], [Find R Classes = 153 ms], [Process Annotations = 76 ms], [Extract Annotations = 71 ms], [Validate Annotations = 44 ms], [Generate Sources = 44 ms], 
10:03:19.683 [Daemon] INFO  o.a.AndroidAnnotationProcessor:123 - Finish processing
10:05:28.772 [main] INFO  o.a.AndroidAnnotationProcessor:85 - Initialize AndroidAnnotations 3.0.1 with options {androidManifestFile=/Users/claucookie/Documents/Desarrollo/Github/recarga-tussam-android/RecargaTussam/build/manifests/debug/AndroidManifest.xml}
10:05:28.859 [main] INFO  o.a.AndroidAnnotationProcessor:109 - Start processing for 7 annotations on 74 elements
10:05:28.928 [main] DEBUG o.a.h.AndroidManifestFinder:98 - AndroidManifest.xml file found with specified path: /Users/claucookie/Documents/Desarrollo/Github/recarga-tussam-android/RecargaTussam/build/manifests/debug/AndroidManifest.xml
10:05:29.138 [main] INFO  o.a.AndroidAnnotationProcessor:172 - AndroidManifest.xml found: AndroidManifest [applicationPackage=es.claucookie.recarga, componentQualifiedNames=[es.claucookie.recarga.MainActivity_, com.mobivery.android.LibraryActivity], permissionQualifiedNames=[android.permission.INTERNET], applicationClassName=es.claucookie.recarga.App, libraryProject=false, debugabble=false, minSdkVersion=14, maxSdkVersion=-1, targetSdkVersion=19]
10:05:29.139 [main] INFO  o.a.r.ProjectRClassFinder:50 - Found project R class: es.claucookie.recarga.R
10:05:29.159 [main] INFO  o.a.r.AndroidRClassFinder:44 - Found Android class: android.R
10:05:29.248 [main] INFO  o.a.p.ModelValidator:42 - Validating elements
10:05:29.249 [main] DEBUG o.a.p.ModelValidator:62 - Validating with EActivityHandler: [es.claucookie.recarga.MainActivity]
10:05:29.260 [main] DEBUG o.a.p.ModelValidator:62 - Validating with SharedPrefHandler: [es.claucookie.recarga.helpers.SharedPrefsHelper]
10:05:29.263 [main] DEBUG o.a.p.ModelValidator:62 - Validating with ViewByIdHandler: [cardNumberText, cardStatusText, cardTypeText, cardCreditText, cardsSpinner, cardNameText, cardEditNameText, cardEditNumberText, cardsEditData, cardsData, tussamInfo]
10:05:29.269 [main] DEBUG o.a.p.ModelValidator:62 - Validating with OptionsMenuHandler: [es.claucookie.recarga.MainActivity]
10:05:29.271 [main] DEBUG o.a.p.ModelValidator:62 - Validating with OptionsItemHandler: [editCardClicked(), addCardClicked(), createCardClicked(), saveCardClicked(), cancelClicked(), refreshClicked()]
10:05:29.275 [main] DEBUG o.a.p.ModelValidator:62 - Validating with InstanceStateHandler: [tussamCardsDTO, selectedCardDTO, isDetailView, isAddView, isEditView]
10:05:29.278 [main] DEBUG o.a.p.ModelValidator:62 - Validating with AfterViewsHandler: [initViews()]
10:05:29.288 [main] INFO  o.a.p.ModelProcessor:73 - Processing root elements
10:05:29.288 [main] DEBUG o.a.p.ModelProcessor:80 - Processing root elements EActivityHandler: [es.claucookie.recarga.MainActivity]
10:05:29.326 [main] DEBUG o.a.p.ModelProcessor:80 - Processing root elements SharedPrefHandler: [es.claucookie.recarga.helpers.SharedPrefsHelper]
10:05:29.333 [main] INFO  o.a.p.ModelProcessor:104 - Processing enclosed elements
10:05:29.338 [main] INFO  o.a.AndroidAnnotationProcessor:251 - Number of files generated by AndroidAnnotations: 2
10:05:29.340 [main] INFO  o.a.g.ApiCodeGenerator:52 - Writting following API classes in project: []
10:05:29.341 [main] DEBUG o.a.g.SourceCodewriter:55 - Generating class: es.claucookie.recarga.helpers.SharedPrefsHelper_
10:05:29.352 [main] DEBUG o.a.g.SourceCodewriter:55 - Generating class: es.claucookie.recarga.MainActivity_
10:05:29.397 [main] INFO  o.a.p.TimeStats:81 - Time measurements: [Whole Processing = 538 ms], [Extract Manifest = 212 ms], [Find R Classes = 75 ms], [Extract Annotations = 67 ms], [Process Annotations = 59 ms], [Generate Sources = 59 ms], [Validate Annotations = 32 ms], 
10:05:29.398 [main] INFO  o.a.AndroidAnnotationProcessor:123 - Finish processing
10:05:38.921 [main] INFO  o.a.AndroidAnnotationProcessor:85 - Initialize AndroidAnnotations 3.0.1 with options {androidManifestFile=/Users/claucookie/Documents/Desarrollo/Github/recarga-tussam-android/RecargaTussam/build/manifests/release/AndroidManifest.xml}
10:05:38.985 [main] INFO  o.a.AndroidAnnotationProcessor:109 - Start processing for 7 annotations on 74 elements
10:05:39.1 [main] DEBUG o.a.h.AndroidManifestFinder:98 - AndroidManifest.xml file found with specified path: /Users/claucookie/Documents/Desarrollo/Github/recarga-tussam-android/RecargaTussam/build/manifests/release/AndroidManifest.xml
10:05:39.7 [main] INFO  o.a.AndroidAnnotationProcessor:172 - AndroidManifest.xml found: AndroidManifest [applicationPackage=es.claucookie.recarga, componentQualifiedNames=[es.claucookie.recarga.MainActivity_, com.mobivery.android.LibraryActivity], permissionQualifiedNames=[android.permission.INTERNET], applicationClassName=es.claucookie.recarga.App, libraryProject=false, debugabble=false, minSdkVersion=14, maxSdkVersion=-1, targetSdkVersion=19]
10:05:39.9 [main] INFO  o.a.r.ProjectRClassFinder:50 - Found project R class: es.claucookie.recarga.R
10:05:39.11 [main] INFO  o.a.r.AndroidRClassFinder:44 - Found Android class: android.R
10:05:39.29 [main] INFO  o.a.p.ModelValidator:42 - Validating elements
10:05:39.30 [main] DEBUG o.a.p.ModelValidator:62 - Validating with EActivityHandler: [es.claucookie.recarga.MainActivity]
10:05:39.32 [main] DEBUG o.a.p.ModelValidator:62 - Validating with SharedPrefHandler: [es.claucookie.recarga.helpers.SharedPrefsHelper]
10:05:39.34 [main] DEBUG o.a.p.ModelValidator:62 - Validating with ViewByIdHandler: [cardNumberText, cardStatusText, cardTypeText, cardCreditText, cardsSpinner, cardNameText, cardEditNameText, cardEditNumberText, cardsEditData, cardsData, tussamInfo]
10:05:39.43 [main] DEBUG o.a.p.ModelValidator:62 - Validating with OptionsMenuHandler: [es.claucookie.recarga.MainActivity]
10:05:39.45 [main] DEBUG o.a.p.ModelValidator:62 - Validating with OptionsItemHandler: [editCardClicked(), addCardClicked(), createCardClicked(), saveCardClicked(), cancelClicked(), refreshClicked()]
10:05:39.51 [main] DEBUG o.a.p.ModelValidator:62 - Validating with InstanceStateHandler: [tussamCardsDTO, selectedCardDTO, isDetailView, isAddView, isEditView]
10:05:39.54 [main] DEBUG o.a.p.ModelValidator:62 - Validating with AfterViewsHandler: [initViews()]
10:05:39.64 [main] INFO  o.a.p.ModelProcessor:73 - Processing root elements
10:05:39.65 [main] DEBUG o.a.p.ModelProcessor:80 - Processing root elements EActivityHandler: [es.claucookie.recarga.MainActivity]
10:05:39.104 [main] DEBUG o.a.p.ModelProcessor:80 - Processing root elements SharedPrefHandler: [es.claucookie.recarga.helpers.SharedPrefsHelper]
10:05:39.113 [main] INFO  o.a.p.ModelProcessor:104 - Processing enclosed elements
10:05:39.120 [main] INFO  o.a.AndroidAnnotationProcessor:251 - Number of files generated by AndroidAnnotations: 2
10:05:39.123 [main] INFO  o.a.g.ApiCodeGenerator:52 - Writting following API classes in project: []
10:05:39.125 [main] DEBUG o.a.g.SourceCodewriter:55 - Generating class: es.claucookie.recarga.helpers.SharedPrefsHelper_
10:05:39.141 [main] DEBUG o.a.g.SourceCodewriter:55 - Generating class: es.claucookie.recarga.MainActivity_
10:05:39.194 [main] INFO  o.a.p.TimeStats:81 - Time measurements: [Whole Processing = 209 ms], [Generate Sources = 74 ms], [Process Annotations = 66 ms], [Validate Annotations = 25 ms], [Find R Classes = 15 ms], [Extract Annotations = 14 ms], [Extract Manifest = 7 ms], 
10:05:39.195 [main] INFO  o.a.AndroidAnnotationProcessor:123 - Finish processing
10:25:59.353 [main] INFO  o.a.AndroidAnnotationProcessor:85 - Initialize AndroidAnnotations 3.0.1 with options {androidManifestFile=/Users/claucookie/Documents/Desarrollo/Github/recarga-tussam-android/RecargaTussam/build/manifests/debug/AndroidManifest.xml}
10:25:59.445 [main] INFO  o.a.AndroidAnnotationProcessor:109 - Start processing for 7 annotations on 74 elements
10:25:59.512 [main] DEBUG o.a.h.AndroidManifestFinder:98 - AndroidManifest.xml file found with specified path: /Users/claucookie/Documents/Desarrollo/Github/recarga-tussam-android/RecargaTussam/build/manifests/debug/AndroidManifest.xml
10:25:59.677 [main] INFO  o.a.AndroidAnnotationProcessor:172 - AndroidManifest.xml found: AndroidManifest [applicationPackage=es.claucookie.recarga, componentQualifiedNames=[es.claucookie.recarga.MainActivity_, com.mobivery.android.LibraryActivity], permissionQualifiedNames=[android.permission.INTERNET], applicationClassName=es.claucookie.recarga.App, libraryProject=false, debugabble=false, minSdkVersion=14, maxSdkVersion=-1, targetSdkVersion=19]
10:25:59.679 [main] INFO  o.a.r.ProjectRClassFinder:50 - Found project R class: es.claucookie.recarga.R
10:25:59.684 [main] INFO  o.a.r.AndroidRClassFinder:44 - Found Android class: android.R
10:25:59.711 [main] INFO  o.a.p.ModelValidator:42 - Validating elements
10:25:59.712 [main] DEBUG o.a.p.ModelValidator:62 - Validating with EActivityHandler: [es.claucookie.recarga.MainActivity]
10:25:59.717 [main] DEBUG o.a.p.ModelValidator:62 - Validating with SharedPrefHandler: [es.claucookie.recarga.helpers.SharedPrefsHelper]
10:25:59.719 [main] DEBUG o.a.p.ModelValidator:62 - Validating with ViewByIdHandler: [cardNumberText, cardStatusText, cardTypeText, cardCreditText, cardsSpinner, cardNameText, cardEditNameText, cardEditNumberText, cardsEditData, cardsData, tussamInfo]
10:25:59.728 [main] DEBUG o.a.p.ModelValidator:62 - Validating with OptionsMenuHandler: [es.claucookie.recarga.MainActivity]
10:25:59.732 [main] DEBUG o.a.p.ModelValidator:62 - Validating with OptionsItemHandler: [editCardClicked(), addCardClicked(), createCardClicked(), saveCardClicked(), cancelClicked(), refreshClicked()]
10:25:59.739 [main] DEBUG o.a.p.ModelValidator:62 - Validating with InstanceStateHandler: [tussamCardsDTO, selectedCardDTO, isDetailView, isAddView, isEditView]
10:25:59.742 [main] DEBUG o.a.p.ModelValidator:62 - Validating with AfterViewsHandler: [initViews()]
10:25:59.765 [main] INFO  o.a.p.ModelProcessor:73 - Processing root elements
10:25:59.766 [main] DEBUG o.a.p.ModelProcessor:80 - Processing root elements EActivityHandler: [es.claucookie.recarga.MainActivity]
10:25:59.808 [main] DEBUG o.a.p.ModelProcessor:80 - Processing root elements SharedPrefHandler: [es.claucookie.recarga.helpers.SharedPrefsHelper]
10:25:59.813 [main] INFO  o.a.p.ModelProcessor:104 - Processing enclosed elements
10:25:59.818 [main] INFO  o.a.AndroidAnnotationProcessor:251 - Number of files generated by AndroidAnnotations: 2
10:25:59.819 [main] INFO  o.a.g.ApiCodeGenerator:52 - Writting following API classes in project: []
10:25:59.820 [main] DEBUG o.a.g.SourceCodewriter:55 - Generating class: es.claucookie.recarga.helpers.SharedPrefsHelper_
10:25:59.830 [main] DEBUG o.a.g.SourceCodewriter:55 - Generating class: es.claucookie.recarga.MainActivity_
10:25:59.863 [main] INFO  o.a.p.TimeStats:81 - Time measurements: [Whole Processing = 418 ms], [Extract Manifest = 167 ms], [Process Annotations = 74 ms], [Extract Annotations = 64 ms], [Generate Sources = 46 ms], [Validate Annotations = 33 ms], [Find R Classes = 25 ms], 
10:25:59.864 [main] INFO  o.a.AndroidAnnotationProcessor:123 - Finish processing
10:26:08.801 [main] INFO  o.a.AndroidAnnotationProcessor:85 - Initialize AndroidAnnotations 3.0.1 with options {androidManifestFile=/Users/claucookie/Documents/Desarrollo/Github/recarga-tussam-android/RecargaTussam/build/manifests/release/AndroidManifest.xml}
10:26:08.867 [main] INFO  o.a.AndroidAnnotationProcessor:109 - Start processing for 7 annotations on 74 elements
10:26:08.883 [main] DEBUG o.a.h.AndroidManifestFinder:98 - AndroidManifest.xml file found with specified path: /Users/claucookie/Documents/Desarrollo/Github/recarga-tussam-android/RecargaTussam/build/manifests/release/AndroidManifest.xml
10:26:08.889 [main] INFO  o.a.AndroidAnnotationProcessor:172 - AndroidManifest.xml found: AndroidManifest [applicationPackage=es.claucookie.recarga, componentQualifiedNames=[es.claucookie.recarga.MainActivity_, com.mobivery.android.LibraryActivity], permissionQualifiedNames=[android.permission.INTERNET], applicationClassName=es.claucookie.recarga.App, libraryProject=false, debugabble=false, minSdkVersion=14, maxSdkVersion=-1, targetSdkVersion=19]
10:26:08.890 [main] INFO  o.a.r.ProjectRClassFinder:50 - Found project R class: es.claucookie.recarga.R
10:26:08.893 [main] INFO  o.a.r.AndroidRClassFinder:44 - Found Android class: android.R
10:26:08.911 [main] INFO  o.a.p.ModelValidator:42 - Validating elements
10:26:08.912 [main] DEBUG o.a.p.ModelValidator:62 - Validating with EActivityHandler: [es.claucookie.recarga.MainActivity]
10:26:08.915 [main] DEBUG o.a.p.ModelValidator:62 - Validating with SharedPrefHandler: [es.claucookie.recarga.helpers.SharedPrefsHelper]
10:26:08.918 [main] DEBUG o.a.p.ModelValidator:62 - Validating with ViewByIdHandler: [cardNumberText, cardStatusText, cardTypeText, cardCreditText, cardsSpinner, cardNameText, cardEditNameText, cardEditNumberText, cardsEditData, cardsData, tussamInfo]
10:26:08.926 [main] DEBUG o.a.p.ModelValidator:62 - Validating with OptionsMenuHandler: [es.claucookie.recarga.MainActivity]
10:26:08.929 [main] DEBUG o.a.p.ModelValidator:62 - Validating with OptionsItemHandler: [editCardClicked(), addCardClicked(), createCardClicked(), saveCardClicked(), cancelClicked(), refreshClicked()]
10:26:08.935 [main] DEBUG o.a.p.ModelValidator:62 - Validating with InstanceStateHandler: [tussamCardsDTO, selectedCardDTO, isDetailView, isAddView, isEditView]
10:26:08.937 [main] DEBUG o.a.p.ModelValidator:62 - Validating with AfterViewsHandler: [initViews()]
10:26:08.947 [main] INFO  o.a.p.ModelProcessor:73 - Processing root elements
10:26:08.948 [main] DEBUG o.a.p.ModelProcessor:80 - Processing root elements EActivityHandler: [es.claucookie.recarga.MainActivity]
10:26:08.977 [main] DEBUG o.a.p.ModelProcessor:80 - Processing root elements SharedPrefHandler: [es.claucookie.recarga.helpers.SharedPrefsHelper]
10:26:08.985 [main] INFO  o.a.p.ModelProcessor:104 - Processing enclosed elements
10:26:08.991 [main] INFO  o.a.AndroidAnnotationProcessor:251 - Number of files generated by AndroidAnnotations: 2
10:26:08.993 [main] INFO  o.a.g.ApiCodeGenerator:52 - Writting following API classes in project: []
10:26:08.995 [main] DEBUG o.a.g.SourceCodewriter:55 - Generating class: es.claucookie.recarga.helpers.SharedPrefsHelper_
10:26:09.8 [main] DEBUG o.a.g.SourceCodewriter:55 - Generating class: es.claucookie.recarga.MainActivity_
10:26:09.35 [main] INFO  o.a.p.TimeStats:81 - Time measurements: [Whole Processing = 168 ms], [Process Annotations = 53 ms], [Generate Sources = 44 ms], [Validate Annotations = 28 ms], [Extract Annotations = 14 ms], [Find R Classes = 13 ms], [Extract Manifest = 7 ms], 
10:26:09.36 [main] INFO  o.a.AndroidAnnotationProcessor:123 - Finish processing
